Using pre-set license
Built from '2020.2/staging' branch; Version is '2020.2.3f1 (8ff31bc5bf5b) revision 9433883'; Using compiler version '192528614'; Build Type 'Release'
OS: 'Windows 10 Home; OS build 19043.1237; Version 2009; 64bit' Language: 'pt' Physical Memory: 8135 MB
BatchMode: 1, IsHumanControllingUs: 0, StartBugReporterOnCrash: 0, Is64bit: 1, IsPro: 0

 COMMAND LINE ARGUMENTS:
C:\Program Files\Unity\Hub\Editor\2020.2.3f1\Editor\Unity.exe
-adb2
-batchMode
-noUpm
-name
AssetImportWorker1
-projectPath
C:/Users/hugos/OneDrive/Documentos/GitHub/LegboyProject/Legboy
-logFile
Logs/AssetImportWorker1.log
-srvPort
60461
Successfully changed project path to: C:/Users/hugos/OneDrive/Documentos/GitHub/LegboyProject/Legboy
C:/Users/hugos/OneDrive/Documentos/GitHub/LegboyProject/Legboy
Using Asset Import Pipeline V2.
Refreshing native plugins compatible for Editor in 285.21 ms, found 2 plugins.
Preloading 0 native plugins for Editor in 0.00 ms.
Initialize engine version: 2020.2.3f1 (8ff31bc5bf5b)
[Subsystems] Discovering subsystems at path C:/Program Files/Unity/Hub/Editor/2020.2.3f1/Editor/Data/Resources/UnitySubsystems
[Subsystems] Discovering subsystems at path C:/Users/hugos/OneDrive/Documentos/GitHub/LegboyProject/Legboy/Assets
GfxDevice: creating device client; threaded=0
Direct3D:
    Version:  Direct3D 11.0 [level 11.1]
    Renderer: Radeon (TM) RX 480 Graphics (ID=0x67df)
    Vendor:   
    VRAM:     4075 MB
    Driver:   27.20.22025.1006
Shader 'Universal Render Pipeline/Particles/Lit': fallback shader 'Universal Render Pipeline/Particles/SimpleLit' not found
Initialize mono
Mono path[0] = 'C:/Program Files/Unity/Hub/Editor/2020.2.3f1/Editor/Data/Managed'
Mono path[1] = 'C:/Program Files/Unity/Hub/Editor/2020.2.3f1/Editor/Data/MonoBleedingEdge/lib/mono/unityjit'
Mono config path = 'C:/Program Files/Unity/Hub/Editor/2020.2.3f1/Editor/Data/MonoBleedingEdge/etc'
Using monoOptions --debugger-agent=transport=dt_socket,embedding=1,server=y,suspend=n,address=127.0.0.1:56112
Begin MonoManager ReloadAssembly
Registering precompiled unity dll's ...
Register platform support module: C:/Program Files/Unity/Hub/Editor/2020.2.3f1/Editor/Data/PlaybackEngines/WindowsStandaloneSupport/UnityEditor.WindowsStandalone.Extensions.dll
Registered in 0.002486 seconds.
Native extension for WindowsStandalone target not found
Refreshing native plugins compatible for Editor in 101.96 ms, found 2 plugins.
Preloading 0 native plugins for Editor in 0.00 ms.
Invoked RoslynAnalysisRunner static constructor.
RoslynAnalysisRunner will not be running.
RoslynAnalysisRunner has terminated.
Mono: successfully reloaded assembly
- Completed reload, in  1.325 seconds
Platform modules already initialized, skipping
Registering precompiled user dll's ...
Registered in 0.006190 seconds.
Begin MonoManager ReloadAssembly
Native extension for WindowsStandalone target not found
Refreshing native plugins compatible for Editor in 103.26 ms, found 2 plugins.
Preloading 0 native plugins for Editor in 0.00 ms.
Invoked RoslynAnalysisRunner static constructor.
RoslynAnalysisRunner will not be running.
RoslynAnalysisRunner has terminated.
RefreshInfo: StopAssetImportingV2(NoUpdateAssetOptions) scanfilter: 
RefreshProfiler: Total: 0.000ms
Mono: successfully reloaded assembly
- Completed reload, in  2.616 seconds
Platform modules already initialized, skipping
========================================================================
Worker process is ready to serve import requests
Shader 'Universal Render Pipeline/Particles/Lit': fallback shader 'Universal Render Pipeline/Particles/SimpleLit' not found
Launched and connected shader compiler UnityShaderCompiler.exe after 0.13 seconds
Refreshing native plugins compatible for Editor in 1.29 ms, found 2 plugins.
Preloading 0 native plugins for Editor in 0.00 ms.
Unloading 55 Unused Serialized files (Serialized files now loaded: 0)
System memory in use before: 90.9 MB.
System memory in use after: 91.2 MB.

Unloading 75 unused Assets to reduce memory usage. Loaded Objects now: 3503.
Total: 3.239200 ms (FindLiveObjects: 0.504000 ms CreateObjectMapping: 0.270100 ms MarkObjects: 2.420700 ms  DeleteObjects: 0.042800 ms)

========================================================================
Received Import Request.
  path: Assets/_Materials/Materials/SpinningSparklesMat.mat
  artifactKey: Guid(dc4072be63f6f7d45a21079f6dc848c0) Importer(815301076,1909f56bfc062723c751e8b465ee728b)
Start importing Assets/_Materials/Materials/SpinningSparklesMat.mat using Guid(dc4072be63f6f7d45a21079f6dc848c0) Importer(815301076,1909f56bfc062723c751e8b465ee728b)  -> (artifact id: '8b5baed29c3eb9d5151cc6e764ec21d6') in 0.278413 seconds
  Import took 0.288672 seconds .

========================================================================
Received Import Request.
  Time since last request: 681.325082 seconds.
  path: Assets/_Art/Shaders/TilemapWithMask.shader
  artifactKey: Guid(022a3daf9157e054aa714cfc93b5688b) Importer(815301076,1909f56bfc062723c751e8b465ee728b)
Start importing Assets/_Art/Shaders/TilemapWithMask.shader using Guid(022a3daf9157e054aa714cfc93b5688b) Importer(815301076,1909f56bfc062723c751e8b465ee728b)  -> (artifact id: 'd8e58a6d7c0396b1163636dc078acbcb') in 0.012251 seconds
  Import took 0.021834 seconds .

========================================================================
Received Import Request.
  Time since last request: 0.864587 seconds.
  path: Assets/_Art/Shaders/TilemapWithMask.shader
  artifactKey: Guid(022a3daf9157e054aa714cfc93b5688b) Importer(815301076,1909f56bfc062723c751e8b465ee728b)
Start importing Assets/_Art/Shaders/TilemapWithMask.shader using Guid(022a3daf9157e054aa714cfc93b5688b) Importer(815301076,1909f56bfc062723c751e8b465ee728b)  -> (artifact id: 'd8e58a6d7c0396b1163636dc078acbcb') in 0.005688 seconds
  Import took 0.014172 seconds .

========================================================================
Received Import Request.
  Time since last request: 256.445760 seconds.
  path: Assets/_Art/Shaders/SpinningSparklesShader.shadergraph
  artifactKey: Guid(61bccdc7d46d877448bceb31da337b34) Importer(815301076,1909f56bfc062723c751e8b465ee728b)
Start importing Assets/_Art/Shaders/SpinningSparklesShader.shadergraph using Guid(61bccdc7d46d877448bceb31da337b34) Importer(815301076,1909f56bfc062723c751e8b465ee728b)  -> (artifact id: 'e06302104bc8d7f4949a21c07781d0d0') in 0.011789 seconds
  Import took 0.024341 seconds .

========================================================================
Received Import Request.
  Time since last request: 29.064189 seconds.
  path: Assets/_Art/Shaders/BasicLit.shadergraph
  artifactKey: Guid(54d7ab0b6b4fb7944ba8923c502edebc) Importer(815301076,1909f56bfc062723c751e8b465ee728b)
Start importing Assets/_Art/Shaders/BasicLit.shadergraph using Guid(54d7ab0b6b4fb7944ba8923c502edebc) Importer(815301076,1909f56bfc062723c751e8b465ee728b)  -> (artifact id: '8ff8d70808c5d39edbd171f377588f64') in 0.011546 seconds
  Import took 0.028453 seconds .

========================================================================
Received Import Request.
  Time since last request: 0.612505 seconds.
  path: Assets/_Art/Shaders/BasicLit.shadergraph
  artifactKey: Guid(54d7ab0b6b4fb7944ba8923c502edebc) Importer(815301076,1909f56bfc062723c751e8b465ee728b)
Start importing Assets/_Art/Shaders/BasicLit.shadergraph using Guid(54d7ab0b6b4fb7944ba8923c502edebc) Importer(815301076,1909f56bfc062723c751e8b465ee728b)  -> (artifact id: '8ff8d70808c5d39edbd171f377588f64') in 0.023024 seconds
  Import took 0.047583 seconds .

========================================================================
Received Import Request.
  Time since last request: 32.922617 seconds.
  path: Assets/_Art/Shaders/BasicLit.shadergraph
  artifactKey: Guid(54d7ab0b6b4fb7944ba8923c502edebc) Importer(815301076,1909f56bfc062723c751e8b465ee728b)
Start importing Assets/_Art/Shaders/BasicLit.shadergraph using Guid(54d7ab0b6b4fb7944ba8923c502edebc) Importer(815301076,1909f56bfc062723c751e8b465ee728b)  -> (artifact id: 'ecf5cbe7572c0453f146eccb50127665') in 0.004259 seconds
  Import took 0.012035 seconds .

========================================================================
Received Prepare
Shader 'Universal Render Pipeline/Particles/Lit': fallback shader 'Universal Render Pipeline/Particles/SimpleLit' not found
Refreshing native plugins compatible for Editor in 317.37 ms, found 2 plugins.
Preloading 0 native plugins for Editor in 0.00 ms.
Unloading 63 Unused Serialized files (Serialized files now loaded: 0)
System memory in use before: 95.4 MB.
System memory in use after: 95.6 MB.

Unloading 63 unused Assets to reduce memory usage. Loaded Objects now: 3602.
Total: 8.054100 ms (FindLiveObjects: 0.611200 ms CreateObjectMapping: 0.479600 ms MarkObjects: 6.836600 ms  DeleteObjects: 0.124600 ms)

AssetImportParameters requested are different than current active one (requested -> active):
  custom:srp/default-shader: c000000000e0a000000a000000000000 -> 0000e00a000e0de00000e000e02d0000
========================================================================
Received Prepare
Shader 'Universal Render Pipeline/Particles/Lit': fallback shader 'Universal Render Pipeline/Particles/SimpleLit' not found
Refreshing native plugins compatible for Editor in 25.23 ms, found 2 plugins.
Preloading 0 native plugins for Editor in 0.00 ms.
Unloading 63 Unused Serialized files (Serialized files now loaded: 0)
System memory in use before: 95.4 MB.
System memory in use after: 95.6 MB.

Unloading 63 unused Assets to reduce memory usage. Loaded Objects now: 3602.
Total: 3.371500 ms (FindLiveObjects: 0.358900 ms CreateObjectMapping: 0.194000 ms MarkObjects: 2.717100 ms  DeleteObjects: 0.100300 ms)

========================================================================
Received Import Request.
  Time since last request: 676.243384 seconds.
  path: Assets/_Materials/Materials/DustParticleMat.mat
  artifactKey: Guid(7e2ce143a19320a4c8379a4067edd1fa) Importer(815301076,1909f56bfc062723c751e8b465ee728b)
Start importing Assets/_Materials/Materials/DustParticleMat.mat using Guid(7e2ce143a19320a4c8379a4067edd1fa) Importer(815301076,1909f56bfc062723c751e8b465ee728b)  -> (artifact id: '35b74c5078870c83e97b42546d386cbb') in 0.023557 seconds
  Import took 0.033276 seconds .

========================================================================
Received Import Request.
  Time since last request: 244.799687 seconds.
  path: Assets/_Art/Fantasy Caves Pack/CharacterSprites/CharacterJump.png
  artifactKey: Guid(4eadba0e3cf972b4b8649e9aaba97e70) Importer(815301076,1909f56bfc062723c751e8b465ee728b)
Start importing Assets/_Art/Fantasy Caves Pack/CharacterSprites/CharacterJump.png using Guid(4eadba0e3cf972b4b8649e9aaba97e70) Importer(815301076,1909f56bfc062723c751e8b465ee728b)  -> (artifact id: '35dda4022e98b57a703e041d12bcbdec') in 0.050314 seconds
  Import took 0.059213 seconds .

========================================================================
Received Import Request.
  Time since last request: 0.000282 seconds.
  path: Assets/Editor Default Resources/FMOD/CopyIcon.png
  artifactKey: Guid(6e164dcb85fc8ad4b9ab2f1e883862d2) Importer(815301076,1909f56bfc062723c751e8b465ee728b)
Start importing Assets/Editor Default Resources/FMOD/CopyIcon.png using Guid(6e164dcb85fc8ad4b9ab2f1e883862d2) Importer(815301076,1909f56bfc062723c751e8b465ee728b)  -> (artifact id: '183167e72a72ff722390b879ab7a8011') in 0.021242 seconds
  Import took 0.028731 seconds .

========================================================================
Received Import Request.
  Time since last request: 0.000217 seconds.
  path: Assets/_Art/Fantasy Caves Pack/CharacterSprites/gifs/CharacterJump.gif
  artifactKey: Guid(27659405ca0137547b26f81cc122cad1) Importer(815301076,1909f56bfc062723c751e8b465ee728b)
Start importing Assets/_Art/Fantasy Caves Pack/CharacterSprites/gifs/CharacterJump.gif using Guid(27659405ca0137547b26f81cc122cad1) Importer(815301076,1909f56bfc062723c751e8b465ee728b)  -> (artifact id: 'faf3fdc2e14df7393c2b302051dffcd9') in 0.016320 seconds
  Import took 0.023500 seconds .

========================================================================
Received Import Request.
  Time since last request: 0.000234 seconds.
  path: Assets/_Art/Fantasy Caves Pack/CharacterSprites/gifs/CharacterRun.gif
  artifactKey: Guid(289edc4f5fcdcfc4fbe4b78de45f9341) Importer(815301076,1909f56bfc062723c751e8b465ee728b)
Start importing Assets/_Art/Fantasy Caves Pack/CharacterSprites/gifs/CharacterRun.gif using Guid(289edc4f5fcdcfc4fbe4b78de45f9341) Importer(815301076,1909f56bfc062723c751e8b465ee728b)  -> (artifact id: '2ac4c23dc51083441b7b0a8cf91c4c72') in 0.018815 seconds
  Import took 0.025853 seconds .

========================================================================
Received Import Request.
  Time since last request: 0.000223 seconds.
  path: Assets/_Art/Fantasy Caves Pack/CharacterSprites/CharAttack.png
  artifactKey: Guid(161f5c251b299354bbda9796d6a654eb) Importer(815301076,1909f56bfc062723c751e8b465ee728b)
Start importing Assets/_Art/Fantasy Caves Pack/CharacterSprites/CharAttack.png using Guid(161f5c251b299354bbda9796d6a654eb) Importer(815301076,1909f56bfc062723c751e8b465ee728b)  -> (artifact id: '909c199d82c265d0521b8828ef349c17') in 0.017484 seconds
  Import took 0.023518 seconds .

========================================================================
Received Import Request.
  Time since last request: 0.000216 seconds.
  path: Assets/_Art/Fantasy Caves Pack/CharacterSprites/CharacterNoSword/CharacterJumpNoSword.png
  artifactKey: Guid(5eb066cd668cd7d4f8f5c986487d24b1) Importer(815301076,1909f56bfc062723c751e8b465ee728b)
Start importing Assets/_Art/Fantasy Caves Pack/CharacterSprites/CharacterNoSword/CharacterJumpNoSword.png using Guid(5eb066cd668cd7d4f8f5c986487d24b1) Importer(815301076,1909f56bfc062723c751e8b465ee728b)  -> (artifact id: 'ca884407105dbd6ab5a9c623510a9f0f') in 0.017066 seconds
  Import took 0.023215 seconds .

========================================================================
Received Import Request.
  Time since last request: 0.000241 seconds.
  path: Assets/_Art/Fantasy Caves Pack/CharacterSprites/CharacterNoSword/Gifs/CharacterRunNoSword.gif
  artifactKey: Guid(3723200c1aade1a4ab336051ee761396) Importer(815301076,1909f56bfc062723c751e8b465ee728b)
Start importing Assets/_Art/Fantasy Caves Pack/CharacterSprites/CharacterNoSword/Gifs/CharacterRunNoSword.gif using Guid(3723200c1aade1a4ab336051ee761396) Importer(815301076,1909f56bfc062723c751e8b465ee728b)  -> (artifact id: 'e2a68bcd027e69b70278a33284cf0c7c') in 0.018235 seconds
  Import took 0.024437 seconds .

========================================================================
Received Import Request.
  Time since last request: 0.000210 seconds.
  path: Assets/_Art/Fantasy Caves Pack/CharacterSprites/CharacterNoSword/CharacterRunNoSword.png
  artifactKey: Guid(5cb7b5b5505b2ea4b9d2166e9b5e35a7) Importer(815301076,1909f56bfc062723c751e8b465ee728b)
Start importing Assets/_Art/Fantasy Caves Pack/CharacterSprites/CharacterNoSword/CharacterRunNoSword.png using Guid(5cb7b5b5505b2ea4b9d2166e9b5e35a7) Importer(815301076,1909f56bfc062723c751e8b465ee728b)  -> (artifact id: '4223ed23715db33a4694d0b8905a805e') in 0.015262 seconds
  Import took 0.021662 seconds .

========================================================================
Received Import Request.
  Time since last request: 0.000217 seconds.
  path: Assets/_Art/Fantasy Caves Pack/CharacterSprites/CharacterJump.png
  artifactKey: Guid(4eadba0e3cf972b4b8649e9aaba97e70) Importer(815301076,1909f56bfc062723c751e8b465ee728b)
Start importing Assets/_Art/Fantasy Caves Pack/CharacterSprites/CharacterJump.png using Guid(4eadba0e3cf972b4b8649e9aaba97e70) Importer(815301076,1909f56bfc062723c751e8b465ee728b)  -> (artifact id: '35dda4022e98b57a703e041d12bcbdec') in 0.007061 seconds
  Import took 0.013122 seconds .

========================================================================
Received Import Request.
  Time since last request: 0.000193 seconds.
  path: Assets/_Art/Fantasy Caves Pack/CharacterSprites/CharacterRun.png
  artifactKey: Guid(ae0eb5eeb6466db488d726b6a68033ca) Importer(815301076,1909f56bfc062723c751e8b465ee728b)
Start importing Assets/_Art/Fantasy Caves Pack/CharacterSprites/CharacterRun.png using Guid(ae0eb5eeb6466db488d726b6a68033ca) Importer(815301076,1909f56bfc062723c751e8b465ee728b)  -> (artifact id: '3a01a18b5af3bd4932e94b7b2eed52f1') in 0.013522 seconds
  Import took 0.019348 seconds .

========================================================================
Received Import Request.
  Time since last request: 0.000064 seconds.
  path: Assets/_Art/Fantasy Caves Pack/CharacterSprites/CharacterNoSword/Gifs/CharacterJumpNoSword.gif
  artifactKey: Guid(cd740859b5d33284b945a35c165836a9) Importer(815301076,1909f56bfc062723c751e8b465ee728b)
Start importing Assets/_Art/Fantasy Caves Pack/CharacterSprites/CharacterNoSword/Gifs/CharacterJumpNoSword.gif using Guid(cd740859b5d33284b945a35c165836a9) Importer(815301076,1909f56bfc062723c751e8b465ee728b)  -> (artifact id: 'bddab18a94e3f9c816584236694725f9') in 0.016711 seconds
  Import took 0.023896 seconds .

========================================================================
Received Prepare
Registering precompiled user dll's ...
Registered in 0.024680 seconds.
Begin MonoManager ReloadAssembly
Native extension for WindowsStandalone target not found
Refreshing native plugins compatible for Editor in 1.41 ms, found 2 plugins.
Preloading 0 native plugins for Editor in 0.00 ms.
Invoked RoslynAnalysisRunner static constructor.
RoslynAnalysisRunner will not be running.
RoslynAnalysisRunner has terminated.
RefreshInfo: StopAssetImportingV2(NoUpdateAssetOptions) scanfilter: 
RefreshProfiler: Total: 0.000ms
Mono: successfully reloaded assembly
- Completed reload, in  1.261 seconds
Platform modules already initialized, skipping
Shader 'Universal Render Pipeline/Particles/Lit': fallback shader 'Universal Render Pipeline/Particles/SimpleLit' not found
Refreshing native plugins compatible for Editor in 1.48 ms, found 2 plugins.
Preloading 0 native plugins for Editor in 0.00 ms.
Unloading 1 Unused Serialized files (Serialized files now loaded: 0)
System memory in use before: 95.0 MB.
System memory in use after: 95.2 MB.

Unloading 67 unused Assets to reduce memory usage. Loaded Objects now: 3588.
Total: 3.155400 ms (FindLiveObjects: 0.375200 ms CreateObjectMapping: 0.228800 ms MarkObjects: 2.432600 ms  DeleteObjects: 0.117600 ms)

========================================================================
Received Import Request.
  Time since last request: 266.635097 seconds.
  path: Assets/_Materials/Materials/SpikeShineParticleMat.mat
  artifactKey: Guid(32c74f66a8434fa44b0343caaa677857) Importer(815301076,1909f56bfc062723c751e8b465ee728b)
Start importing Assets/_Materials/Materials/SpikeShineParticleMat.mat using Guid(32c74f66a8434fa44b0343caaa677857) Importer(815301076,1909f56bfc062723c751e8b465ee728b)  -> (artifact id: 'd5c40be0e3862fbc603e44d2e9c136fc') in 0.319404 seconds
  Import took 0.689929 seconds .

========================================================================
Received Import Request.
  Time since last request: 27.612764 seconds.
  path: Assets/_Scripts/Follow.cs
  artifactKey: Guid(7b1eeb8a9d2dfd142a0b035ab10c55c8) Importer(815301076,1909f56bfc062723c751e8b465ee728b)
Start importing Assets/_Scripts/Follow.cs using Guid(7b1eeb8a9d2dfd142a0b035ab10c55c8) Importer(815301076,1909f56bfc062723c751e8b465ee728b)  -> (artifact id: '2c6af7c9d47eefe1589afd07ffc690dd') in 0.014898 seconds
  Import took 0.026241 seconds .

========================================================================
Received Prepare
Registering precompiled user dll's ...
Registered in 0.007162 seconds.
Begin MonoManager ReloadAssembly
Native extension for WindowsStandalone target not found
Refreshing native plugins compatible for Editor in 1.35 ms, found 2 plugins.
Preloading 0 native plugins for Editor in 0.00 ms.
Invoked RoslynAnalysisRunner static constructor.
RoslynAnalysisRunner will not be running.
RoslynAnalysisRunner has terminated.
RefreshInfo: StopAssetImportingV2(NoUpdateAssetOptions) scanfilter: 
RefreshProfiler: Total: 0.000ms
Mono: successfully reloaded assembly
- Completed reload, in  1.164 seconds
Platform modules already initialized, skipping
Shader 'Universal Render Pipeline/Particles/Lit': fallback shader 'Universal Render Pipeline/Particles/SimpleLit' not found
Refreshing native plugins compatible for Editor in 2.68 ms, found 2 plugins.
Preloading 0 native plugins for Editor in 0.00 ms.
Unloading 2 Unused Serialized files (Serialized files now loaded: 0)
System memory in use before: 95.1 MB.
System memory in use after: 95.3 MB.

Unloading 67 unused Assets to reduce memory usage. Loaded Objects now: 3627.
Total: 3.252400 ms (FindLiveObjects: 0.425900 ms CreateObjectMapping: 0.197900 ms MarkObjects: 2.521600 ms  DeleteObjects: 0.105700 ms)

========================================================================
Received Import Request.
  Time since last request: 46.283482 seconds.
  path: Assets/_Scripts/Other/Follow.cs
  artifactKey: Guid(7b1eeb8a9d2dfd142a0b035ab10c55c8) Importer(815301076,1909f56bfc062723c751e8b465ee728b)
Start importing Assets/_Scripts/Other/Follow.cs using Guid(7b1eeb8a9d2dfd142a0b035ab10c55c8) Importer(815301076,1909f56bfc062723c751e8b465ee728b)  -> (artifact id: '1a5e9f4197667deba1942c881b4764be') in 0.012661 seconds
  Import took 0.042950 seconds .

========================================================================
Received Prepare
Registering precompiled user dll's ...
Registered in 0.046836 seconds.
Begin MonoManager ReloadAssembly
Native extension for WindowsStandalone target not found
Refreshing native plugins compatible for Editor in 2.27 ms, found 2 plugins.
Preloading 0 native plugins for Editor in 0.00 ms.
Invoked RoslynAnalysisRunner static constructor.
RoslynAnalysisRunner will not be running.
RoslynAnalysisRunner has terminated.
RefreshInfo: StopAssetImportingV2(NoUpdateAssetOptions) scanfilter: 
RefreshProfiler: Total: 0.000ms
Mono: successfully reloaded assembly
- Completed reload, in  1.249 seconds
Platform modules already initialized, skipping
Shader 'Universal Render Pipeline/Particles/Lit': fallback shader 'Universal Render Pipeline/Particles/SimpleLit' not found
Refreshing native plugins compatible for Editor in 1.40 ms, found 2 plugins.
Preloading 0 native plugins for Editor in 0.00 ms.
Unloading 1 Unused Serialized files (Serialized files now loaded: 0)
System memory in use before: 95.1 MB.
System memory in use after: 95.3 MB.

Unloading 67 unused Assets to reduce memory usage. Loaded Objects now: 3629.
Total: 3.782000 ms (FindLiveObjects: 0.436300 ms CreateObjectMapping: 0.383700 ms MarkObjects: 2.848000 ms  DeleteObjects: 0.112000 ms)

========================================================================
Received Import Request.
  Time since last request: 20.135860 seconds.
  path: Assets/_Scripts/Other/Follow.cs
  artifactKey: Guid(7b1eeb8a9d2dfd142a0b035ab10c55c8) Importer(815301076,1909f56bfc062723c751e8b465ee728b)
Start importing Assets/_Scripts/Other/Follow.cs using Guid(7b1eeb8a9d2dfd142a0b035ab10c55c8) Importer(815301076,1909f56bfc062723c751e8b465ee728b)  -> (artifact id: '911cac933d9b91ab084d076040629717') in 0.003836 seconds
  Import took 0.012715 seconds .

========================================================================
Received Prepare
Registering precompiled user dll's ...
Registered in 0.006578 seconds.
Begin MonoManager ReloadAssembly
Native extension for WindowsStandalone target not found
Refreshing native plugins compatible for Editor in 1.41 ms, found 2 plugins.
Preloading 0 native plugins for Editor in 0.00 ms.
Invoked RoslynAnalysisRunner static constructor.
RoslynAnalysisRunner will not be running.
RoslynAnalysisRunner has terminated.
RefreshInfo: StopAssetImportingV2(NoUpdateAssetOptions) scanfilter: 
RefreshProfiler: Total: 0.000ms
Mono: successfully reloaded assembly
- Completed reload, in  1.624 seconds
Platform modules already initialized, skipping
Shader 'Universal Render Pipeline/Particles/Lit': fallback shader 'Universal Render Pipeline/Particles/SimpleLit' not found
Refreshing native plugins compatible for Editor in 3.73 ms, found 2 plugins.
Preloading 0 native plugins for Editor in 0.00 ms.
Unloading 1 Unused Serialized files (Serialized files now loaded: 0)
System memory in use before: 95.2 MB.
System memory in use after: 95.4 MB.

Unloading 67 unused Assets to reduce memory usage. Loaded Objects now: 3631.
Total: 4.326900 ms (FindLiveObjects: 0.983500 ms CreateObjectMapping: 0.237300 ms MarkObjects: 2.921500 ms  DeleteObjects: 0.182600 ms)

========================================================================
Received Prepare
Registering precompiled user dll's ...
Registered in 0.006728 seconds.
Begin MonoManager ReloadAssembly
Native extension for WindowsStandalone target not found
Refreshing native plugins compatible for Editor in 1.52 ms, found 2 plugins.
Preloading 0 native plugins for Editor in 0.00 ms.
Invoked RoslynAnalysisRunner static constructor.
RoslynAnalysisRunner will not be running.
RoslynAnalysisRunner has terminated.
RefreshInfo: StopAssetImportingV2(NoUpdateAssetOptions) scanfilter: 
RefreshProfiler: Total: 0.000ms
Mono: successfully reloaded assembly
- Completed reload, in  1.139 seconds
Platform modules already initialized, skipping
Shader 'Universal Render Pipeline/Particles/Lit': fallback shader 'Universal Render Pipeline/Particles/SimpleLit' not found
Refreshing native plugins compatible for Editor in 1.34 ms, found 2 plugins.
Preloading 0 native plugins for Editor in 0.00 ms.
Unloading 1 Unused Serialized files (Serialized files now loaded: 0)
System memory in use before: 95.2 MB.
System memory in use after: 95.4 MB.

Unloading 67 unused Assets to reduce memory usage. Loaded Objects now: 3633.
Total: 2.733700 ms (FindLiveObjects: 0.356800 ms CreateObjectMapping: 0.160600 ms MarkObjects: 2.112600 ms  DeleteObjects: 0.102600 ms)

========================================================================
Received Prepare
Registering precompiled user dll's ...
Registered in 0.006510 seconds.
Begin MonoManager ReloadAssembly
Native extension for WindowsStandalone target not found
Refreshing native plugins compatible for Editor in 1.40 ms, found 2 plugins.
Preloading 0 native plugins for Editor in 0.00 ms.
Invoked RoslynAnalysisRunner static constructor.
RoslynAnalysisRunner will not be running.
RoslynAnalysisRunner has terminated.
RefreshInfo: StopAssetImportingV2(NoUpdateAssetOptions) scanfilter: 
RefreshProfiler: Total: 0.000ms
Mono: successfully reloaded assembly
- Completed reload, in  1.149 seconds
Platform modules already initialized, skipping
Shader 'Universal Render Pipeline/Particles/Lit': fallback shader 'Universal Render Pipeline/Particles/SimpleLit' not found
Refreshing native plugins compatible for Editor in 1.35 ms, found 2 plugins.
Preloading 0 native plugins for Editor in 0.00 ms.
Unloading 1 Unused Serialized files (Serialized files now loaded: 0)
System memory in use before: 95.2 MB.
System memory in use after: 95.4 MB.

Unloading 67 unused Assets to reduce memory usage. Loaded Objects now: 3635.
Total: 2.825300 ms (FindLiveObjects: 0.334500 ms CreateObjectMapping: 0.159100 ms MarkObjects: 2.224000 ms  DeleteObjects: 0.106700 ms)

========================================================================
Received Prepare
Registering precompiled user dll's ...
Registered in 0.006880 seconds.
Begin MonoManager ReloadAssembly
Native extension for WindowsStandalone target not found
Refreshing native plugins compatible for Editor in 1.58 ms, found 2 plugins.
Preloading 0 native plugins for Editor in 0.00 ms.
Invoked RoslynAnalysisRunner static constructor.
RoslynAnalysisRunner will not be running.
RoslynAnalysisRunner has terminated.
RefreshInfo: StopAssetImportingV2(NoUpdateAssetOptions) scanfilter: 
RefreshProfiler: Total: 0.000ms
Mono: successfully reloaded assembly
- Completed reload, in  1.225 seconds
Platform modules already initialized, skipping
Shader 'Universal Render Pipeline/Particles/Lit': fallback shader 'Universal Render Pipeline/Particles/SimpleLit' not found
Refreshing native plugins compatible for Editor in 1.88 ms, found 2 plugins.
Preloading 0 native plugins for Editor in 0.00 ms.
Unloading 1 Unused Serialized files (Serialized files now loaded: 0)
System memory in use before: 95.2 MB.
System memory in use after: 95.4 MB.

Unloading 67 unused Assets to reduce memory usage. Loaded Objects now: 3637.
Total: 6.039600 ms (FindLiveObjects: 1.627300 ms CreateObjectMapping: 0.258100 ms MarkObjects: 4.019500 ms  DeleteObjects: 0.133200 ms)

========================================================================
Received Import Request.
  Time since last request: 801.878926 seconds.
  path: Assets/_Art/Image.png
  artifactKey: Guid(8a678db103c17794d9c5017f8ca15762) Importer(815301076,1909f56bfc062723c751e8b465ee728b)
Start importing Assets/_Art/Image.png using Guid(8a678db103c17794d9c5017f8ca15762) Importer(815301076,1909f56bfc062723c751e8b465ee728b)  -> (artifact id: 'b77a58f612b98cb7e9889fd431c41237') in 0.261688 seconds
  Import took 0.272438 seconds .

========================================================================
Received Import Request.
  Time since last request: 0.000325 seconds.
  path: Assets/_Art/Image.png
  artifactKey: Guid(8a678db103c17794d9c5017f8ca15762) Importer(815301076,1909f56bfc062723c751e8b465ee728b)
Start importing Assets/_Art/Image.png using Guid(8a678db103c17794d9c5017f8ca15762) Importer(815301076,1909f56bfc062723c751e8b465ee728b)  -> (artifact id: 'b77a58f612b98cb7e9889fd431c41237') in 0.058631 seconds
  Import took 0.068353 seconds .

========================================================================
Received Prepare
Registering precompiled user dll's ...
Registered in 0.006543 seconds.
Begin MonoManager ReloadAssembly
Native extension for WindowsStandalone target not found
Refreshing native plugins compatible for Editor in 1.34 ms, found 2 plugins.
Preloading 0 native plugins for Editor in 0.00 ms.
Invoked RoslynAnalysisRunner static constructor.
RoslynAnalysisRunner will not be running.
RoslynAnalysisRunner has terminated.
RefreshInfo: StopAssetImportingV2(NoUpdateAssetOptions) scanfilter: 
RefreshProfiler: Total: 0.000ms
Mono: successfully reloaded assembly
- Completed reload, in  1.109 seconds
Platform modules already initialized, skipping
Shader 'Universal Render Pipeline/Particles/Lit': fallback shader 'Universal Render Pipeline/Particles/SimpleLit' not found
Refreshing native plugins compatible for Editor in 1.48 ms, found 2 plugins.
Preloading 0 native plugins for Editor in 0.00 ms.
Unloading 1 Unused Serialized files (Serialized files now loaded: 0)
System memory in use before: 95.2 MB.
System memory in use after: 95.4 MB.

Unloading 67 unused Assets to reduce memory usage. Loaded Objects now: 3640.
Total: 2.970700 ms (FindLiveObjects: 0.391100 ms CreateObjectMapping: 0.201500 ms MarkObjects: 2.260300 ms  DeleteObjects: 0.116500 ms)

========================================================================
Received Import Request.
  Time since last request: 315.820671 seconds.
  path: Assets/_Art/Shaders/Emissi.shadergraph
  artifactKey: Guid(7294c07318ebcef42be96bd44052150e) Importer(815301076,1909f56bfc062723c751e8b465ee728b)
Start importing Assets/_Art/Shaders/Emissi.shadergraph using Guid(7294c07318ebcef42be96bd44052150e) Importer(815301076,1909f56bfc062723c751e8b465ee728b)  -> (artifact id: '5f71e5c25f2a32c7b8944ce5c566ac0e') in 0.021698 seconds
  Import took 0.030915 seconds .

========================================================================
Received Import Request.
  Time since last request: 0.007322 seconds.
  path: Assets/_Art/Shaders/Emissi.shadergraph
  artifactKey: Guid(7294c07318ebcef42be96bd44052150e) Importer(815301076,1909f56bfc062723c751e8b465ee728b)
Start importing Assets/_Art/Shaders/Emissi.shadergraph using Guid(7294c07318ebcef42be96bd44052150e) Importer(815301076,1909f56bfc062723c751e8b465ee728b)  -> (artifact id: '5f71e5c25f2a32c7b8944ce5c566ac0e') in 0.005434 seconds
  Import took 0.013824 seconds .

========================================================================
Received Import Request.
  Time since last request: 26.151154 seconds.
  path: Assets/_Art/Shaders/EmissiveShader.shadergraph
  artifactKey: Guid(690e4e98c83a7fc4cb12f26ce15dc35f) Importer(815301076,1909f56bfc062723c751e8b465ee728b)
Start importing Assets/_Art/Shaders/EmissiveShader.shadergraph using Guid(690e4e98c83a7fc4cb12f26ce15dc35f) Importer(815301076,1909f56bfc062723c751e8b465ee728b)  -> (artifact id: '2ec6d6eb431f6c107273edc85063f30e') in 0.008366 seconds
  Import took 0.015917 seconds .

========================================================================
Received Import Request.
  Time since last request: 0.004279 seconds.
  path: Assets/_Art/Shaders/EmissiveShader.shadergraph
  artifactKey: Guid(690e4e98c83a7fc4cb12f26ce15dc35f) Importer(815301076,1909f56bfc062723c751e8b465ee728b)
Start importing Assets/_Art/Shaders/EmissiveShader.shadergraph using Guid(690e4e98c83a7fc4cb12f26ce15dc35f) Importer(815301076,1909f56bfc062723c751e8b465ee728b)  -> (artifact id: '2ec6d6eb431f6c107273edc85063f30e') in 0.004472 seconds
  Import took 0.010507 seconds .

========================================================================
Received Import Request.
  Time since last request: 16.541305 seconds.
  path: Assets/_Art/Shaders/GlowShader.shadergraph
  artifactKey: Guid(690e4e98c83a7fc4cb12f26ce15dc35f) Importer(815301076,1909f56bfc062723c751e8b465ee728b)
Start importing Assets/_Art/Shaders/GlowShader.shadergraph using Guid(690e4e98c83a7fc4cb12f26ce15dc35f) Importer(815301076,1909f56bfc062723c751e8b465ee728b)  -> (artifact id: '4a021b7f6b8a7aaf644d07dfe649089a') in 0.009289 seconds
  Import took 0.016061 seconds .

========================================================================
Received Import Request.
  Time since last request: 4.652888 seconds.
  path: Assets/_Art/Shaders/EmissiveShader.shadergraph
  artifactKey: Guid(7294c07318ebcef42be96bd44052150e) Importer(815301076,1909f56bfc062723c751e8b465ee728b)
Start importing Assets/_Art/Shaders/EmissiveShader.shadergraph using Guid(7294c07318ebcef42be96bd44052150e) Importer(815301076,1909f56bfc062723c751e8b465ee728b)  -> (artifact id: '3abcb59d47efb55d26341160a8424f84') in 0.005142 seconds
  Import took 0.013815 seconds .

========================================================================
Received Import Request.
  Time since last request: 95.483433 seconds.
  path: Assets/_Art/Shaders/EmissiveShader.shadergraph
  artifactKey: Guid(7294c07318ebcef42be96bd44052150e) Importer(815301076,1909f56bfc062723c751e8b465ee728b)
Start importing Assets/_Art/Shaders/EmissiveShader.shadergraph using Guid(7294c07318ebcef42be96bd44052150e) Importer(815301076,1909f56bfc062723c751e8b465ee728b)  -> (artifact id: 'ef952dac3b48068495aecfe1645af7e8') in 0.003842 seconds
  Import took 0.011121 seconds .

========================================================================
Received Import Request.
  Time since last request: 107.056469 seconds.
  path: Assets/_Materials/Materials/SpikeShineParticleMat.mat
  artifactKey: Guid(32c74f66a8434fa44b0343caaa677857) Importer(815301076,1909f56bfc062723c751e8b465ee728b)
Start importing Assets/_Materials/Materials/SpikeShineParticleMat.mat using Guid(32c74f66a8434fa44b0343caaa677857) Importer(815301076,1909f56bfc062723c751e8b465ee728b)  -> (artifact id: '4c71c6f5fef00c4200e0876c00dd8645') in 0.195683 seconds
  Import took 0.203446 seconds .

========================================================================
Received Prepare
Registering precompiled user dll's ...
Registered in 0.009843 seconds.
Begin MonoManager ReloadAssembly
Native extension for WindowsStandalone target not found
Refreshing native plugins compatible for Editor in 1.67 ms, found 2 plugins.
Preloading 0 native plugins for Editor in 0.00 ms.
Invoked RoslynAnalysisRunner static constructor.
RoslynAnalysisRunner will not be running.
RoslynAnalysisRunner has terminated.
RefreshInfo: StopAssetImportingV2(NoUpdateAssetOptions) scanfilter: 
RefreshProfiler: Total: 0.000ms
Mono: successfully reloaded assembly
- Completed reload, in  1.985 seconds
Platform modules already initialized, skipping
Shader 'Universal Render Pipeline/Particles/Lit': fallback shader 'Universal Render Pipeline/Particles/SimpleLit' not found
Refreshing native plugins compatible for Editor in 2.03 ms, found 2 plugins.
Preloading 0 native plugins for Editor in 0.00 ms.
Unloading 2 Unused Serialized files (Serialized files now loaded: 0)
System memory in use before: 95.4 MB.
System memory in use after: 95.6 MB.

Unloading 67 unused Assets to reduce memory usage. Loaded Objects now: 3679.
Total: 4.324800 ms (FindLiveObjects: 0.498900 ms CreateObjectMapping: 0.383400 ms MarkObjects: 3.284500 ms  DeleteObjects: 0.156300 ms)

========================================================================
Received Import Request.
  Time since last request: 1534.060908 seconds.
  path: Assets/_Scripts/Managers/LevelStatsManager.cs
  artifactKey: Guid(91f145a0e13c05f41921f7c1ba498111) Importer(815301076,1909f56bfc062723c751e8b465ee728b)
Start importing Assets/_Scripts/Managers/LevelStatsManager.cs using Guid(91f145a0e13c05f41921f7c1ba498111) Importer(815301076,1909f56bfc062723c751e8b465ee728b)  -> (artifact id: '70aaa0a6e7cbb282ea2b93d8959da05d') in 0.014717 seconds
  Import took 0.031993 seconds .

========================================================================
Received Import Request.
  Time since last request: 0.159757 seconds.
  path: Assets/_Scripts/Managers/LevelStatsManager.cs
  artifactKey: Guid(91f145a0e13c05f41921f7c1ba498111) Importer(815301076,1909f56bfc062723c751e8b465ee728b)
Start importing Assets/_Scripts/Managers/LevelStatsManager.cs using Guid(91f145a0e13c05f41921f7c1ba498111) Importer(815301076,1909f56bfc062723c751e8b465ee728b)  -> (artifact id: '70aaa0a6e7cbb282ea2b93d8959da05d') in 0.005745 seconds
  Import took 0.040746 seconds .

========================================================================
Received Prepare
Registering precompiled user dll's ...
Registered in 0.016318 seconds.
Begin MonoManager ReloadAssembly
Native extension for WindowsStandalone target not found
Refreshing native plugins compatible for Editor in 1.32 ms, found 2 plugins.
Preloading 0 native plugins for Editor in 0.00 ms.
Invoked RoslynAnalysisRunner static constructor.
RoslynAnalysisRunner will not be running.
RoslynAnalysisRunner has terminated.
RefreshInfo: StopAssetImportingV2(NoUpdateAssetOptions) scanfilter: 
RefreshProfiler: Total: 0.000ms
Mono: successfully reloaded assembly
- Completed reload, in  1.171 seconds
Platform modules already initialized, skipping
Shader 'Universal Render Pipeline/Particles/Lit': fallback shader 'Universal Render Pipeline/Particles/SimpleLit' not found
Refreshing native plugins compatible for Editor in 1.32 ms, found 2 plugins.
Preloading 0 native plugins for Editor in 0.00 ms.
Unloading 1 Unused Serialized files (Serialized files now loaded: 0)
System memory in use before: 95.3 MB.
System memory in use after: 95.5 MB.

Unloading 67 unused Assets to reduce memory usage. Loaded Objects now: 3681.
Total: 4.151400 ms (FindLiveObjects: 0.518600 ms CreateObjectMapping: 0.383700 ms MarkObjects: 3.120900 ms  DeleteObjects: 0.126600 ms)

========================================================================
Received Import Request.
  Time since last request: 47.665812 seconds.
  path: Assets/_Scripts/Managers/LevelStatsManager.cs
  artifactKey: Guid(91f145a0e13c05f41921f7c1ba498111) Importer(815301076,1909f56bfc062723c751e8b465ee728b)
Start importing Assets/_Scripts/Managers/LevelStatsManager.cs using Guid(91f145a0e13c05f41921f7c1ba498111) Importer(815301076,1909f56bfc062723c751e8b465ee728b)  -> (artifact id: 'dadda5c95f59bdde4ff51b232ad8d521') in 0.004163 seconds
  Import took 0.019492 seconds .

========================================================================
Received Import Request.
  Time since last request: 0.098285 seconds.
  path: Assets/_Scripts/Managers/LevelStatsManager.cs
  artifactKey: Guid(91f145a0e13c05f41921f7c1ba498111) Importer(815301076,1909f56bfc062723c751e8b465ee728b)
Start importing Assets/_Scripts/Managers/LevelStatsManager.cs using Guid(91f145a0e13c05f41921f7c1ba498111) Importer(815301076,1909f56bfc062723c751e8b465ee728b)  -> (artifact id: 'dadda5c95f59bdde4ff51b232ad8d521') in 0.067254 seconds
  Import took 0.074248 seconds .

========================================================================
Received Prepare
Registering precompiled user dll's ...
Registered in 0.006440 seconds.
Begin MonoManager ReloadAssembly
Native extension for WindowsStandalone target not found
Refreshing native plugins compatible for Editor in 1.34 ms, found 2 plugins.
Preloading 0 native plugins for Editor in 0.00 ms.
Invoked RoslynAnalysisRunner static constructor.
RoslynAnalysisRunner will not be running.
RoslynAnalysisRunner has terminated.
RefreshInfo: StopAssetImportingV2(NoUpdateAssetOptions) scanfilter: 
RefreshProfiler: Total: 0.000ms
Mono: successfully reloaded assembly
- Completed reload, in  1.117 seconds
Platform modules already initialized, skipping
Shader 'Universal Render Pipeline/Particles/Lit': fallback shader 'Universal Render Pipeline/Particles/SimpleLit' not found
Refreshing native plugins compatible for Editor in 1.45 ms, found 2 plugins.
Preloading 0 native plugins for Editor in 0.00 ms.
Unloading 1 Unused Serialized files (Serialized files now loaded: 0)
System memory in use before: 95.3 MB.
System memory in use after: 95.5 MB.

Unloading 67 unused Assets to reduce memory usage. Loaded Objects now: 3683.
Total: 3.440100 ms (FindLiveObjects: 0.367700 ms CreateObjectMapping: 0.289800 ms MarkObjects: 2.676200 ms  DeleteObjects: 0.105400 ms)

========================================================================
Received Import Request.
  Time since last request: 21.979407 seconds.
  path: Assets/_Scripts/Managers/LevelStatsManager.cs
  artifactKey: Guid(91f145a0e13c05f41921f7c1ba498111) Importer(815301076,1909f56bfc062723c751e8b465ee728b)
Start importing Assets/_Scripts/Managers/LevelStatsManager.cs using Guid(91f145a0e13c05f41921f7c1ba498111) Importer(815301076,1909f56bfc062723c751e8b465ee728b)  -> (artifact id: '40670bd8b324ae62e3423c4108973bfc') in 0.006458 seconds
  Import took 0.035052 seconds .

========================================================================
Received Import Request.
  Time since last request: 0.606154 seconds.
  path: Assets/_Scripts/Managers/LevelStatsManager.cs
  artifactKey: Guid(91f145a0e13c05f41921f7c1ba498111) Importer(815301076,1909f56bfc062723c751e8b465ee728b)
Start importing Assets/_Scripts/Managers/LevelStatsManager.cs using Guid(91f145a0e13c05f41921f7c1ba498111) Importer(815301076,1909f56bfc062723c751e8b465ee728b)  -> (artifact id: '40670bd8b324ae62e3423c4108973bfc') in 0.004519 seconds
  Import took 0.015533 seconds .

========================================================================
Received Prepare
Registering precompiled user dll's ...
Registered in 0.006675 seconds.
Begin MonoManager ReloadAssembly
Native extension for WindowsStandalone target not found
Refreshing native plugins compatible for Editor in 1.37 ms, found 2 plugins.
Preloading 0 native plugins for Editor in 0.00 ms.
Invoked RoslynAnalysisRunner static constructor.
RoslynAnalysisRunner will not be running.
RoslynAnalysisRunner has terminated.
RefreshInfo: StopAssetImportingV2(NoUpdateAssetOptions) scanfilter: 
RefreshProfiler: Total: 0.000ms
Mono: successfully reloaded assembly
- Completed reload, in  1.141 seconds
Platform modules already initialized, skipping
Shader 'Universal Render Pipeline/Particles/Lit': fallback shader 'Universal Render Pipeline/Particles/SimpleLit' not found
Refreshing native plugins compatible for Editor in 1.32 ms, found 2 plugins.
Preloading 0 native plugins for Editor in 0.00 ms.
Unloading 1 Unused Serialized files (Serialized files now loaded: 0)
System memory in use before: 95.4 MB.
System memory in use after: 95.5 MB.

Unloading 67 unused Assets to reduce memory usage. Loaded Objects now: 3685.
Total: 3.177000 ms (FindLiveObjects: 0.515100 ms CreateObjectMapping: 0.307500 ms MarkObjects: 2.251500 ms  DeleteObjects: 0.101300 ms)

========================================================================
Received Prepare
Registering precompiled user dll's ...
Registered in 0.009461 seconds.
Begin MonoManager ReloadAssembly
Native extension for WindowsStandalone target not found
Refreshing native plugins compatible for Editor in 2.23 ms, found 2 plugins.
Preloading 0 native plugins for Editor in 0.00 ms.
Invoked RoslynAnalysisRunner static constructor.
RoslynAnalysisRunner will not be running.
RoslynAnalysisRunner has terminated.
RefreshInfo: StopAssetImportingV2(NoUpdateAssetOptions) scanfilter: 
RefreshProfiler: Total: 0.000ms
Mono: successfully reloaded assembly
- Completed reload, in  1.716 seconds
Platform modules already initialized, skipping
Shader 'Universal Render Pipeline/Particles/Lit': fallback shader 'Universal Render Pipeline/Particles/SimpleLit' not found
Refreshing native plugins compatible for Editor in 2.28 ms, found 2 plugins.
Preloading 0 native plugins for Editor in 0.00 ms.
Unloading 1 Unused Serialized files (Serialized files now loaded: 0)
System memory in use before: 95.4 MB.
System memory in use after: 95.6 MB.

Unloading 67 unused Assets to reduce memory usage. Loaded Objects now: 3687.
Total: 5.847700 ms (FindLiveObjects: 1.023700 ms CreateObjectMapping: 0.523600 ms MarkObjects: 4.182800 ms  DeleteObjects: 0.115800 ms)

========================================================================
Received Prepare
Registering precompiled user dll's ...
Registered in 0.006624 seconds.
Begin MonoManager ReloadAssembly
Native extension for WindowsStandalone target not found
Refreshing native plugins compatible for Editor in 1.39 ms, found 2 plugins.
Preloading 0 native plugins for Editor in 0.00 ms.
Invoked RoslynAnalysisRunner static constructor.
RoslynAnalysisRunner will not be running.
RoslynAnalysisRunner has terminated.
RefreshInfo: StopAssetImportingV2(NoUpdateAssetOptions) scanfilter: 
RefreshProfiler: Total: 0.000ms
Mono: successfully reloaded assembly
- Completed reload, in  1.259 seconds
Platform modules already initialized, skipping
Shader 'Universal Render Pipeline/Particles/Lit': fallback shader 'Universal Render Pipeline/Particles/SimpleLit' not found
Refreshing native plugins compatible for Editor in 1.47 ms, found 2 plugins.
Preloading 0 native plugins for Editor in 0.00 ms.
Unloading 1 Unused Serialized files (Serialized files now loaded: 0)
System memory in use before: 95.4 MB.
System memory in use after: 95.6 MB.

Unloading 67 unused Assets to reduce memory usage. Loaded Objects now: 3689.
Total: 3.054500 ms (FindLiveObjects: 0.399400 ms CreateObjectMapping: 0.172800 ms MarkObjects: 2.364200 ms  DeleteObjects: 0.116500 ms)

